app/build/intermediates/manifest_merge_blame_file/release/manifest-merger-blame-release-report.txt
1<?xml version="1.0" encoding="utf-8"?>
2<manifest xmlns:android="http://schemas.android.com/apk/res/android"
3    package="com.whiskey.notes"
4    android:versionCode="1"
5    android:versionName="1.0" >
6
7    <uses-sdk
8        android:minSdkVersion="16"
8-->src/main/AndroidManifest.xml
9        android:targetSdkVersion="29" />
9-->src/main/AndroidManifest.xml
10
11    <application
11-->src/main/AndroidManifest.xml:5:5-51:19
12        android:allowBackup="true"
12-->src/main/AndroidManifest.xml:6:9-35
13        android:appComponentFactory="androidx.core.app.CoreComponentFactory"
13-->[androidx.core:core:1.0.2] AndroidManifest.xml:22:18-86
14        android:icon="@mipmap/ic_launcher"
14-->src/main/AndroidManifest.xml:7:9-43
15        android:label="@string/app_name"
15-->src/main/AndroidManifest.xml:8:9-41
16        android:roundIcon="@mipmap/ic_launcher_round"
16-->src/main/AndroidManifest.xml:9:9-54
17        android:supportsRtl="true"
17-->src/main/AndroidManifest.xml:10:9-35
18        android:theme="@style/AppTheme" >
18-->src/main/AndroidManifest.xml:11:9-40
19        <activity
19-->src/main/AndroidManifest.xml:12:9-22:20
20            android:name="com.whiskey.notes.MainActivity"
20-->src/main/AndroidManifest.xml:13:13-41
21            android:label="@string/app_name"
21-->src/main/AndroidManifest.xml:14:13-45
22            android:launchMode="singleTop"
22-->src/main/AndroidManifest.xml:16:13-43
23            android:theme="@style/AppTheme.NoActionBar" >
23-->src/main/AndroidManifest.xml:15:13-56
24            <intent-filter>
24-->src/main/AndroidManifest.xml:17:13-21:29
25                <action android:name="android.intent.action.MAIN" />
25-->src/main/AndroidManifest.xml:18:17-69
25-->src/main/AndroidManifest.xml:18:25-66
26
27                <category android:name="android.intent.category.LAUNCHER" />
27-->src/main/AndroidManifest.xml:20:17-77
27-->src/main/AndroidManifest.xml:20:27-74
28            </intent-filter>
29        </activity>
30        <activity
30-->src/main/AndroidManifest.xml:23:9-31:20
31            android:name="com.whiskey.notes.NewNoteActivity"
31-->src/main/AndroidManifest.xml:24:13-44
32            android:label="New Note"
32-->src/main/AndroidManifest.xml:25:13-37
33            android:theme="@style/AppTheme.NoActionBar" >
33-->src/main/AndroidManifest.xml:26:13-56
34            <meta-data
34-->src/main/AndroidManifest.xml:29:9-30:44
35                android:name="android.support.PARENT_ACTIVITY"
35-->src/main/AndroidManifest.xml:29:20-66
36                android:value=".MainActivity" />
36-->src/main/AndroidManifest.xml:30:13-42
37        </activity>
38        <activity
38-->src/main/AndroidManifest.xml:32:9-40:20
39            android:name="com.whiskey.notes.EditNoteActivity"
39-->src/main/AndroidManifest.xml:33:13-45
40            android:label="Edit Note"
40-->src/main/AndroidManifest.xml:34:13-38
41            android:theme="@style/AppTheme.NoActionBar" >
41-->src/main/AndroidManifest.xml:35:13-56
42            <meta-data
42-->src/main/AndroidManifest.xml:29:9-30:44
43                android:name="android.support.PARENT_ACTIVITY"
43-->src/main/AndroidManifest.xml:29:20-66
44                android:value=".ViewNoteActivity" />
44-->src/main/AndroidManifest.xml:30:13-42
45        </activity>
46        <activity
46-->src/main/AndroidManifest.xml:41:9-50:20
47            android:name="com.whiskey.notes.ViewNoteActivity"
47-->src/main/AndroidManifest.xml:42:13-45
48            android:theme="@style/AppTheme.NoActionBar" >
48-->src/main/AndroidManifest.xml:45:13-56
49            <meta-data
49-->src/main/AndroidManifest.xml:29:9-30:44
50                android:name="android.support.PARENT_ACTIVITY"
50-->src/main/AndroidManifest.xml:29:20-66
51                android:value=".MainActivity" />
51-->src/main/AndroidManifest.xml:30:13-42
52        </activity>
53    </application>
54
55</manifest>